     1                                  bits 32
     2                                  
     3                                  global start        
     4                                  
     5                                  extern exit               
     6                                  import exit msvcrt.dll
     7                                  
     8                                  segment data use32 class=data
     9                                  
    10 00000000 010306020302                first_set db 1, 3, 6, 2, 3, 2
    11                                      lenghten_first equ $-first_set
    12                                  
    13 00000006 060308010205                second_set db 6, 3, 8, 1, 2, 5
    14                                      lenghten_second equ $-second_set
    15                                      
    16 0000000C 00<rept>                    destination times (lenghten_first + lenghten_second) db 0
    17                                  
    18                                  segment code use32 class=code
    19                                  
    20                                      ;Two byte strings S1 and S2 of the same length are given. Obtain the string D where each element is the difference of the corresponding elements from S1 and S2
    21                                      ;Example:
    22                                      ;S1: 1, 3, 6, 2, 3, 2
    23                                      ;S2: 6, 3, 8, 1, 2, 5
    24                                      ;D: -5, 0, -2, 1, 1, -3
    25                                      
    26                                      
    27                                      start:
    28                                      
    29 00000000 B906000000                  mov ecx, lenghten_first
    30 00000005 BE00000000                  mov esi, 0
    31 0000000A BF00000000                  mov edi, 0
    32                                      
    33                                      main_loop:
    34                                      
    35 0000000F 8A86[00000000]                  mov al, [first_set+esi]
    36 00000015 2A86[06000000]                  sub al, [second_set+esi]
    37                                          
    38 0000001B 8887[0C000000]                  mov [destination + edi], al
    39                                          
    40                                          
    41 00000021 46                              inc esi
    42 00000022 47                              inc edi
    43 00000023 49                              dec ecx
    44                                          
    45 00000024 75E9                            jnz main_loop        
    46                                          
    47                                      endloop:
    48                                  
    49                                      
    50 00000026 6A00                            push    dword 0
    51 00000028 FF15[00000000]                  call    [exit]
