     1                                  bits 32 
     2                                  global start        
     3                                  
     4                                  extern exit,fopen,printf,scanf,fread,fclose,fprintf,gets          
     5                                  import exit msvcrt.dll   
     6                                  import fopen msvcrt.dll
     7                                  import printf msvcrt.dll
     8                                  import scanf msvcrt.dll
     9                                  import fread msvcrt.dll
    10                                  import fclose msvcrt.dll
    11                                  import fprintf msvcrt.dll
    12                                  import gets msvcrt.dll
    13                                  
    14                                  segment data use32 class=data
    15 00000000 AB12CD34EF56                s1 dw 12ABh,34CDh,56EFh
    16                                      len equ ($-s1)/2
    17 00000006 00351100FB7F                s2 dw 3500h,0011h,7FFBh
    18 0000000C 00000000<rept>              sir_nou times 100 dd 0
    19 0000019C 00000000                    pos dd 0
    20                                      
    21                                  
    22                                  segment code use32 class=code
    23                                      start:
    24 00000000 B903000000                      mov ecx, len
    25 00000005 BF00000000                      mov edi,0
    26 0000000A E326                            jecxz end
    27                                          form:
    28                                              
    29 0000000C BE[00000000]                        mov esi,s1
    30 00000011 0335[9C010000]                      add esi, dword [pos]
    31 00000017 66AD                                lodsw
    32 00000019 6689C3                              mov bx,ax
    33                                  
    34 0000001C BE[06000000]                        mov esi,s2
    35 00000021 0335[9C010000]                      add esi, dword [pos]
    36 00000027 66AD                                lodsw 
    37                                  
    38 00000029 8305[9C010000]02                    add dword [pos],2
    39                                          
    40 00000030 E2DA                            loop form
    41                                              
    42                                          
    43                                      
    44                                          end:
    45                                      
    46 00000032 6A00                            push    dword 0      
    47 00000034 FF15[00000000]                  call    [exit]       
