     1                                  bits 32
     2                                  global start        
     3                                  
     4                                  extern exit, fopen, fread, fprintf, fclose        
     5                                  import exit msvcrt.dll   
     6                                  import fopen msvcrt.dll
     7                                  import fprintf msvcrt.dll
     8                                  import fread msvcrt.dll
     9                                  import fclose msvcrt.dll
    10                                  
    11                                  ;A file name and a text (defined in the data segment) are given. The text contains lowercase letters, uppercase letters, digits and special characters. Replace all the special characters from the given text with the
    12                                  segment data use32 class=data
    13 00000000 7700                        file_mode db 'w',0
    14 00000002 696E7075742E747874-         file_output_name db "input.txt",0
    14 0000000B 00                 
    15 0000000C FFFFFFFF                    file_output_descriptor dd -1
    16 00000010 00000000                    number_of_appeareances dd 0
    17 00000014 546865207465787420-         format db "The text transformed: %s", 0
    17 0000001D 7472616E73666F726D-
    17 00000026 65643A20257300     
    18 0000002D 6C6162384941524134-         file_name db "lab8IARA4.txt", 0
    18 00000036 2E74787400         
    19 0000003B 216F7721202420436F-         file_input_text db "!ow! $ Cox?", 0
    19 00000044 783F00             
    20                                      len equ $-file_input_text
    21 00000047 00<rept>                    file_output_text times len db 0
    22                                  
    23                                  segment  code use32 class=code
    24                                      start:
    25                                      
    26 00000000 68[00000000]                    push dword file_mode
    27 00000005 68[2D000000]                    push dword file_name
    28 0000000A FF15[00000000]                  call [fopen]
    29 00000010 83C408                          add esp, 4*2
    30 00000013 A3[0C000000]                    mov [file_output_descriptor], eax
    31                                          
    32 00000018 BE00000000                      mov esi, 0
    33 0000001D BF00000000                      mov edi, 0
    34 00000022 FC                              cld
    35                                          
    36                                      repeta:
    37 00000023 8A86[3B000000]                  mov al, [file_input_text + esi]
    38 00000029 3C00                            cmp al, 0
    39 0000002B 741E                            jz final
    40                                          
    41 0000002D 3C61                            cmp al, 'a'
    42 0000002F 720E                            jb change_to_X
    43 00000031 3C7A                            cmp al, 'z'
    44 00000033 EB0C                            jmp copy_char
    45                                  
    46                                      check_digit:
    47 00000035 3C30                            cmp al, '0'
    48 00000037 7206                            jb change_to_X
    49 00000039 3C39                            cmp al, '9'
    50 0000003B 7702                            ja change_to_X
    51 0000003D EB02                            jmp copy_char
    52                                  
    53                                      change_to_X:
    54 0000003F B058                            mov al, 'X'
    55                                  
    56                                      copy_char:
    57 00000041 8887[47000000]                  mov [file_output_text + edi], al
    58 00000047 46                              inc esi
    59 00000048 47                              inc edi
    60 00000049 EBD8                            jmp repeta
    61                                  
    62                                      final:
    63 0000004B C687[47000000]00                mov byte [file_output_text + edi], 0
    64                                          
    65 00000052 68[47000000]                    push dword file_output_text
    66 00000057 68[14000000]                    push dword format
    67 0000005C FF35[0C000000]                  push dword [file_output_descriptor]
    68 00000062 FF15[00000000]                  call [fprintf]
    69 00000068 83C40C                          add esp, 4*3
    70                                          
    71                                          
    72                                          
    73 0000006B FF35[0C000000]                  push dword [file_output_descriptor]
    74 00000071 FF15[00000000]                  call [fclose]
    75 00000077 83C404                          add esp, 4*1
    76                                          
    77                                          
    78 0000007A 6A00                            push dword 0
    79 0000007C FF15[00000000]                  call [exit]
