     1                                  bits 32
     2                                  global start        
     3                                  
     4                                  extern exit,fopen,printf,fread,fclose        
     5                                  import exit msvcrt.dll   
     6                                  import fopen msvcrt.dll
     7                                  import printf msvcrt.dll
     8                                  import fread msvcrt.dll 
     9                                  import fclose msvcrt.dll
    10                                  
    11                                  ;A text file is given. Read the content of the file, count the number of vowels and display the result on the screen. The name of text file is defined in the data segment.
    12                                  
    13                                  segment data use32 class=data
    14 00000000 7200                        file_mode db "r",0
    15 00000002 696E7075742E747874-         file_input_name db "input.txt",0
    15 0000000B 00                 
    16 0000000C FFFFFFFF                    file_input_descriptor dd -1
    17 00000010 00000000                    number_of_appeareances dd 0
    18 00000014 4E756D626572206F66-         format db "Number of vowels: %d", 10, 0
    18 0000001D 20766F77656C733A20-
    18 00000026 25640A00           
    19 0000002A 6C6162384941524133-         file_name db "lab8IARA3.txt", 0
    19 00000033 2E74787400         
    20 00000038 00                          file_text db 0
    21                                  
    22                                  segment  code use32 class=code
    23                                      start:
    24                                      
    25 00000000 68[00000000]                    push dword file_mode
    26 00000005 68[2A000000]                    push dword file_name
    27 0000000A FF15[00000000]                  call [fopen]
    28 00000010 83C408                          add esp, 4*2
    29 00000013 A3[0C000000]                    mov [file_input_descriptor], eax
    30 00000018 83F800                          cmp eax, 0
    31 0000001B 7470                            je file_not_found
    32                                   
    33                                          
    34                                          read:
    35                                          
    36 0000001D FF35[0C000000]                      push dword [file_input_descriptor]
    37 00000023 6A01                                push dword 1
    38 00000025 6A01                                push dword 1
    39 00000027 68[38000000]                        push dword file_text
    40 0000002C FF15[00000000]                      call [fread]
    41 00000032 83C410                              add esp, 4*4
    42                                              
    43 00000035 83F800                              cmp eax, 0
    44 00000038 7428                                je final
    45                                              
    46 0000003A 8A15[38000000]                      mov dl, [file_text]         
    47                                    
    48 00000040 88D0                                    mov al, dl
    49 00000042 0C20                                    or al, 0x20
    50 00000044 3C61                                    cmp al, 'a'
    51 00000046 7412                                    je is_vowel_yes
    52 00000048 3C65                                    cmp al, 'e'
    53 0000004A 740E                                    je is_vowel_yes
    54 0000004C 3C69                                    cmp al, 'i'
    55 0000004E 740A                                    je is_vowel_yes
    56 00000050 3C6F                                    cmp al, 'o'
    57 00000052 7406                                    je is_vowel_yes
    58 00000054 3C75                                    cmp al, 'u'
    59 00000056 7402                                    je is_vowel_yes
    60                                                  
    61 00000058 EBC3                                    jmp read               
    62                                  
    63                                              is_vowel_yes:
    64 0000005A FF05[10000000]                          inc dword [number_of_appeareances]
    65 00000060 EBBB                                    jmp read
    66                                                  
    67                                              
    68                                          final:
    69                                          
    70                                          
    71 00000062 FF35[0C000000]                  push dword [file_input_descriptor]
    72 00000068 FF15[00000000]                  call [fclose]
    73 0000006E 83C404                          add esp, 4*1
    74                                          
    75 00000071 FF35[10000000]                  push dword [number_of_appeareances]
    76 00000077 68[14000000]                    push dword format
    77 0000007C FF15[00000000]                  call [printf]
    78 00000082 83C408                          add esp, 4*2
    79                                          
    80                                          
    81 00000085 6A00                            push dword 0
    82 00000087 FF15[00000000]                  call [exit]
    83                                      
    84                                      file_not_found:
    85                                          
    86 0000008D 6A00                            push dword 0   
    87 0000008F FF15[00000000]                  call [exit]
