     1                                  bits 32 
     2                                  global start        
     3                                  
     4                                  extern exit,fopen,printf,scanf,fread,fclose,fprintf,gets          
     5                                  import exit msvcrt.dll   
     6                                  import fopen msvcrt.dll
     7                                  import printf msvcrt.dll
     8                                  import scanf msvcrt.dll
     9                                  import fread msvcrt.dll
    10                                  import fclose msvcrt.dll
    11                                  import fprintf msvcrt.dll
    12                                  import gets msvcrt.dll
    13                                  
    14                                  segment data use32 class=data
    15 00000000 7200                        read_mode db "r",0
    16 00000002 7700                        write_mode db "w",0
    17 00000004 696E7075742E747874-         file_input_name db "input.txt",0
    17 0000000D 00                 
    18 0000000E 6F75747075742E7478-         file_output_name db "output.txt",0
    18 00000017 7400               
    19 00000019 FFFFFFFF                    file_input_descriptor dd -1
    20 0000001D FFFFFFFF                    file_output_descriptor dd -1
    21 00000021 256400                      number_format db "%d",0
    22 00000024 257300                      string_format db "%s",0
    23 00000027 0A00                        new_line db 10,0
    24 00000029 257300                      new_line_format db "%s",0
    25                                  
    26                                  segment code use32 class=code
    27                                      start:
    28                                      
    29                                          ;mov ax, 1000h
    30                                          ;mov bl,1000b+10b
    31                                          ;div bl
    32                                          
    33                                          ;mov ax,1001h
    34                                          ;mov bx,1111b
    35                                          ;imul bl
    36                                          
    37 00000000 B662                            mov dh,62h
    38 00000002 B5C8                            mov ch, 200
    39 00000004 28EE                            sub dh,ch
    40                                          
    41                                          
    42                                          
    43                                          
    44                                          
    45                                          
    46                                      
    47                                  
    48 00000006 6A00                            push    dword 0      
    49 00000008 FF15[00000000]                  call    [exit]       
