     1                                  bits 32 
     2                                  global start        
     3                                  
     4                                  extern exit,fopen,printf,scanf,fread,fclose,fprintf,gets          
     5                                  import exit msvcrt.dll   
     6                                  import fopen msvcrt.dll
     7                                  import printf msvcrt.dll
     8                                  import scanf msvcrt.dll
     9                                  import fread msvcrt.dll
    10                                  import fclose msvcrt.dll
    11                                  import fprintf msvcrt.dll
    12                                  import gets msvcrt.dll
    13                                  
    14                                  segment data use32 class=data
    15 00000000 323536                      a1 db '256'
    16 00000003 00015602                    a2 dw 256,256h
    17                                      ;a3 dw $+a2
    18                                      a4 equ -256/4
    19 00000007 8000                        a5 db 256>>1,256<<1
    19          ******************       warning: byte data exceeds bounds [-w+number-overflow]
    20 00000009 04000000                    a6 dw a5-a2,!(a5-a2)
    21                                      ;a7 dw [a2],~a2
    22 0000000D 5603000056622500            a8 dd 256h^256, 256256h
    23 00000015 00000000                    a9 dd $-a9
    24 00000019 0001                        a10 db 256,-255
    24          ******************       warning: byte data exceeds bounds [-w+number-overflow]
    25 0000001B 5601                        a11 dw 256h-256
    26 0000001D AAFE                        a12 dw 256-256h
    27 0000001F 00FF                        a13 dw -256
    28 00000021 AAFD                        a14 dw -256h
    29 00000023 020519060238                a15 db 2,5,25,6,2,56
    30                                      
    31                                  segment code use32 class=code
    32                                      start:
    33 00000000 66B80000                        mov ax,0
    34                                      
    35                                          
    36                                          
    37 00000004 6A00                            push    dword 0      
    38 00000006 FF15[00000000]                  call    [exit]       
